This is pdfTeX, Version 3.14159265-2.6-1.40.17 (MiKTeX 2.9 64-bit) (preloaded format=pdflatex 2016.6.25)  27 JAN 2017 00:24
entering extended mode
**./results_sensitivity_figures.tex
(results_sensitivity_figures.tex
LaTeX2e <2016/03/31>
Babel <3.9r> and hyphenation patterns for 75 language(s) loaded.
("C:\Program Files\MiKTeX 2.9\tex\latex\base\article.cls"
Document Class: article 2014/09/29 v1.4h Standard LaTeX document class
("C:\Program Files\MiKTeX 2.9\tex\latex\base\size12.clo"
File: size12.clo 2014/09/29 v1.4h Standard LaTeX file (size option)
)
\c@part=\count79
\c@section=\count80
\c@subsection=\count81
\c@subsubsection=\count82
\c@paragraph=\count83
\c@subparagraph=\count84
\c@figure=\count85
\c@table=\count86
\abovecaptionskip=\skip41
\belowcaptionskip=\skip42
\bibindent=\dimen102
)
("C:\Program Files\MiKTeX 2.9\tex\latex\graphics\graphicx.sty"
Package: graphicx 2014/10/28 v1.0g Enhanced LaTeX Graphics (DPC,SPQR)

("C:\Program Files\MiKTeX 2.9\tex\latex\graphics\keyval.sty"
Package: keyval 2014/10/28 v1.15 key=value parser (DPC)
\KV@toks@=\toks14
)
("C:\Program Files\MiKTeX 2.9\tex\latex\graphics\graphics.sty"
Package: graphics 2016/05/09 v1.0r Standard LaTeX Graphics (DPC,SPQR)

("C:\Program Files\MiKTeX 2.9\tex\latex\graphics\trig.sty"
Package: trig 2016/01/03 v1.10 sin cos tan (DPC)
)
("C:\Program Files\MiKTeX 2.9\tex\latex\00miktex\graphics.cfg"
File: graphics.cfg 2016/01/02 v1.10 sample graphics configuration
)
Package graphics Info: Driver file: pdftex.def on input line 96.

("C:\Program Files\MiKTeX 2.9\tex\latex\pdftex-def\pdftex.def"
File: pdftex.def 2011/05/27 v0.06d Graphics/color for pdfTeX

("C:\Program Files\MiKTeX 2.9\tex\generic\oberdiek\infwarerr.sty"
Package: infwarerr 2016/05/16 v1.4 Providing info/warning/error messages (HO)
)
("C:\Program Files\MiKTeX 2.9\tex\generic\oberdiek\ltxcmds.sty"
Package: ltxcmds 2016/05/16 v1.23 LaTeX kernel commands for general use (HO)
)
\Gread@gobject=\count87
))
\Gin@req@height=\dimen103
\Gin@req@width=\dimen104
)
(results_sensitivity_figures.aux)
\openout1 = `results_sensitivity_figures.aux'.

LaTeX Font Info:    Checking defaults for OML/cmm/m/it on input line 4.
LaTeX Font Info:    ... okay on input line 4.
LaTeX Font Info:    Checking defaults for T1/cmr/m/n on input line 4.
LaTeX Font Info:    ... okay on input line 4.
LaTeX Font Info:    Checking defaults for OT1/cmr/m/n on input line 4.
LaTeX Font Info:    ... okay on input line 4.
LaTeX Font Info:    Checking defaults for OMS/cmsy/m/n on input line 4.
LaTeX Font Info:    ... okay on input line 4.
LaTeX Font Info:    Checking defaults for OMX/cmex/m/n on input line 4.
LaTeX Font Info:    ... okay on input line 4.
LaTeX Font Info:    Checking defaults for U/cmr/m/n on input line 4.
LaTeX Font Info:    ... okay on input line 4.

("C:\Program Files\MiKTeX 2.9\tex\context\base\supp-pdf.mkii"
[Loading MPS to PDF converter (version 2006.09.02).]
\scratchcounter=\count88
\scratchdimen=\dimen105
\scratchbox=\box26
\nofMPsegments=\count89
\nofMParguments=\count90
\everyMPshowfont=\toks15
\MPscratchCnt=\count91
\MPscratchDim=\dimen106
\MPnumerator=\count92
\makeMPintoPDFobject=\count93
\everyMPtoPDFconversion=\toks16
) ("C:\Program Files\MiKTeX 2.9\tex\generic\oberdiek\pdftexcmds.sty"
Package: pdftexcmds 2016/05/21 v0.22 Utility functions of pdfTeX for LuaTeX (HO
)

("C:\Program Files\MiKTeX 2.9\tex\generic\oberdiek\ifluatex.sty"
Package: ifluatex 2016/05/16 v1.4 Provides the ifluatex switch (HO)
Package ifluatex Info: LuaTeX not detected.
)
("C:\Program Files\MiKTeX 2.9\tex\generic\oberdiek\ifpdf.sty"
Package: ifpdf 2016/05/14 v3.1 Provides the ifpdf switch
)
Package pdftexcmds Info: LuaTeX not detected.
Package pdftexcmds Info: \pdf@primitive is available.
Package pdftexcmds Info: \pdf@ifprimitive is available.
Package pdftexcmds Info: \pdfdraftmode found.
)
("C:\Program Files\MiKTeX 2.9\tex\latex\oberdiek\epstopdf-base.sty"
Package: epstopdf-base 2016/05/15 v2.6 Base part for package epstopdf

("C:\Program Files\MiKTeX 2.9\tex\latex\oberdiek\grfext.sty"
Package: grfext 2016/05/16 v1.2 Manage graphics extensions (HO)

("C:\Program Files\MiKTeX 2.9\tex\generic\oberdiek\kvdefinekeys.sty"
Package: kvdefinekeys 2016/05/16 v1.4 Define keys (HO)
))
("C:\Program Files\MiKTeX 2.9\tex\latex\oberdiek\kvoptions.sty"
Package: kvoptions 2016/05/16 v3.12 Key value format for package options (HO)

("C:\Program Files\MiKTeX 2.9\tex\generic\oberdiek\kvsetkeys.sty"
Package: kvsetkeys 2016/05/16 v1.17 Key value parser (HO)

("C:\Program Files\MiKTeX 2.9\tex\generic\oberdiek\etexcmds.sty"
Package: etexcmds 2016/05/16 v1.6 Avoid name clashes with e-TeX commands (HO)
Package etexcmds Info: Could not find \expanded.
(etexcmds)             That can mean that you are not using pdfTeX 1.50 or
(etexcmds)             that some package has redefined \expanded.
(etexcmds)             In the latter case, load this package earlier.
)))
Package grfext Info: Graphics extension search list:
(grfext)             [.png,.pdf,.jpg,.mps,.jpeg,.jbig2,.jb2,.PNG,.PDF,.JPG,.JPE
G,.JBIG2,.JB2,.eps]
(grfext)             \AppendGraphicsExtensions on input line 456.
)
<alltax_vs_te_gamma097.png, id=1, 578.16pt x 433.62pt>
File: alltax_vs_te_gamma097.png Graphic file (type png)

<use alltax_vs_te_gamma097.png>
Package pdftex.def Info: alltax_vs_te_gamma097.png used on input line 8.
(pdftex.def)             Requested size: 462.52863pt x 346.89647pt.

Overfull \hbox (72.52863pt too wide) in paragraph at lines 8--9
 [][] 
 []

Package epstopdf Info: Source file: <alltax_vs_te_gamma08.eps>
(epstopdf)                    date: 2017-01-27 00:05:16
(epstopdf)                    size: 33381 bytes
(epstopdf)             Output file: <alltax_vs_te_gamma08-eps-converted-to.pdf>

(epstopdf)                    date: 2017-01-27 00:15:40
(epstopdf)                    size: 5894 bytes
(epstopdf)             Command: <epstopdf --outfile=alltax_vs_te_gamma08-eps-co
nverted-to.pdf alltax_vs_te_gamma08.eps>
(epstopdf)             \includegraphics on input line 14.
Package epstopdf Info: Output file is already uptodate.
<alltax_vs_te_gamma08-eps-converted-to.pdf, id=2, 488.82625pt x 409.53pt>
File: alltax_vs_te_gamma08-eps-converted-to.pdf Graphic file (type pdf)

<use alltax_vs_te_gamma08-eps-converted-to.pdf>
Package pdftex.def Info: alltax_vs_te_gamma08-eps-converted-to.pdf used on inpu
t line 14.
(pdftex.def)             Requested size: 391.06152pt x 327.62444pt.

Overfull \hbox (1.06152pt too wide) in paragraph at lines 14--15
 [][] 
 []

Package epstopdf Info: Source file: <alltax_vs_te_gamma05.eps>
(epstopdf)                    date: 2017-01-27 00:05:27
(epstopdf)                    size: 34215 bytes
(epstopdf)             Output file: <alltax_vs_te_gamma05-eps-converted-to.pdf>

(epstopdf)                    date: 2017-01-27 00:15:41
(epstopdf)                    size: 5901 bytes
(epstopdf)             Command: <epstopdf --outfile=alltax_vs_te_gamma05-eps-co
nverted-to.pdf alltax_vs_te_gamma05.eps>
(epstopdf)             \includegraphics on input line 20.
Package epstopdf Info: Output file is already uptodate.
<alltax_vs_te_gamma05-eps-converted-to.pdf, id=3, 488.82625pt x 409.53pt>
File: alltax_vs_te_gamma05-eps-converted-to.pdf Graphic file (type pdf)

<use alltax_vs_te_gamma05-eps-converted-to.pdf>
Package pdftex.def Info: alltax_vs_te_gamma05-eps-converted-to.pdf used on inpu
t line 20.
(pdftex.def)             Requested size: 391.06152pt x 327.62444pt.

Overfull \hbox (1.06152pt too wide) in paragraph at lines 20--21
 [][] 
 []

LaTeX Font Info:    External font `cmex10' loaded for size
(Font)              <12> on input line 23.
LaTeX Font Info:    External font `cmex10' loaded for size
(Font)              <8> on input line 23.
LaTeX Font Info:    External font `cmex10' loaded for size
(Font)              <6> on input line 23.
[1

{C:/ProgramData/MiKTeX/2.9/pdftex/config/pdftex.map} <./alltax_vs_te_gamma097.p
ng (PNG copy)>] [2 <./alltax_vs_te_gamma08-eps-converted-to.pdf>] [3 <./alltax_
vs_te_gamma05-eps-converted-to.pdf>] (results_sensitivity_figures.aux) ) 
Here is how much of TeX's memory you used:
 1488 strings out of 493335
 21467 string characters out of 3139219
 77165 words of memory out of 3000000
 5028 multiletter control sequences out of 15000+200000
 6376 words of font info for 23 fonts, out of 3000000 for 9000
 1141 hyphenation exceptions out of 8191
 37i,6n,23p,255b,213s stack positions out of 5000i,500n,10000p,200000b,50000s
<C:/Pro
gram Files/MiKTeX 2.9/fonts/type1/public/amsfonts/cm/cmr12.pfb>
Output written on results_sensitivity_figures.pdf (3 pages, 64827 bytes).
PDF statistics:
 25 PDF objects out of 1000 (max. 8388607)
 0 named destinations out of 1000 (max. 500000)
 16 words of extra memory for PDF output out of 10000 (max. 10000000)

